<?xml version="1.0" encoding="UTF-8"?>
<coverage generated="1485547249187" clover="3.2.0">
  <project timestamp="1485547249187" name="All files">
    <metrics statements="66" coveredstatements="66" conditionals="34" coveredconditionals="34" methods="24" coveredmethods="23" elements="124" coveredelements="123" complexity="0" loc="66" ncloc="66" packages="4" files="17" classes="17">
      <package name="src">
        <metrics statements="44" coveredstatements="44" conditionals="26" coveredconditionals="26" methods="16" coveredmethods="16"/>
        <file name="every-recursive.js" path="C:\Users\Gabriel Ferreira\Desktop\Gabriel\Curso de React\jest\src\every-recursive.js">
          <metrics statements="4" coveredstatements="4" conditionals="4" coveredconditionals="4" methods="2" coveredmethods="2"/>
          <line num="3" count="1" type="stmt"/>
          <line num="4" count="5" type="stmt"/>
          <line num="5" count="14" type="stmt"/>
          <line num="7" count="14" type="stmt"/>
        </file>
        <file name="every.js" path="C:\Users\Gabriel Ferreira\Desktop\Gabriel\Curso de React\jest\src\every.js">
          <metrics statements="5" coveredstatements="5" conditionals="2" coveredconditionals="2" methods="1" coveredmethods="1"/>
          <line num="3" count="1" type="stmt"/>
          <line num="4" count="5" type="stmt"/>
          <line num="5" count="10" type="stmt"/>
          <line num="6" count="1" type="stmt"/>
          <line num="9" count="4" type="stmt"/>
        </file>
        <file name="filter-recursive.js" path="C:\Users\Gabriel Ferreira\Desktop\Gabriel\Curso de React\jest\src\filter-recursive.js">
          <metrics statements="4" coveredstatements="4" conditionals="4" coveredconditionals="4" methods="2" coveredmethods="2"/>
          <line num="3" count="1" type="stmt"/>
          <line num="4" count="5" type="stmt"/>
          <line num="5" count="24" type="stmt"/>
          <line num="6" count="24" type="stmt"/>
        </file>
        <file name="filter.js" path="C:\Users\Gabriel Ferreira\Desktop\Gabriel\Curso de React\jest\src\filter.js">
          <metrics statements="6" coveredstatements="6" conditionals="2" coveredconditionals="2" methods="1" coveredmethods="1"/>
          <line num="3" count="1" type="stmt"/>
          <line num="4" count="5" type="stmt"/>
          <line num="5" count="5" type="stmt"/>
          <line num="6" count="19" type="stmt"/>
          <line num="7" count="13" type="stmt"/>
          <line num="11" count="5" type="stmt"/>
        </file>
        <file name="map-recursive.js" path="C:\Users\Gabriel Ferreira\Desktop\Gabriel\Curso de React\jest\src\map-recursive.js">
          <metrics statements="4" coveredstatements="4" conditionals="4" coveredconditionals="4" methods="3" coveredmethods="3"/>
          <line num="3" count="2" type="stmt"/>
          <line num="4" count="8" type="stmt"/>
          <line num="5" count="22" type="stmt"/>
          <line num="7" count="22" type="stmt"/>
        </file>
        <file name="map.js" path="C:\Users\Gabriel Ferreira\Desktop\Gabriel\Curso de React\jest\src\map.js">
          <metrics statements="5" coveredstatements="5" conditionals="2" coveredconditionals="2" methods="2" coveredmethods="2"/>
          <line num="3" count="2" type="stmt"/>
          <line num="4" count="8" type="stmt"/>
          <line num="6" count="8" type="stmt"/>
          <line num="7" count="14" type="stmt"/>
          <line num="9" count="8" type="stmt"/>
        </file>
        <file name="reverse-recursive.js" path="C:\Users\Gabriel Ferreira\Desktop\Gabriel\Curso de React\jest\src\reverse-recursive.js">
          <metrics statements="2" coveredstatements="2" conditionals="2" coveredconditionals="2" methods="1" coveredmethods="1"/>
          <line num="3" count="3" type="stmt"/>
          <line num="4" count="16" type="stmt"/>
        </file>
        <file name="reverse.js" path="C:\Users\Gabriel Ferreira\Desktop\Gabriel\Curso de React\jest\src\reverse.js">
          <metrics statements="5" coveredstatements="5" conditionals="0" coveredconditionals="0" methods="1" coveredmethods="1"/>
          <line num="3" count="1" type="stmt"/>
          <line num="4" count="3" type="stmt"/>
          <line num="5" count="3" type="stmt"/>
          <line num="6" count="5" type="stmt"/>
          <line num="9" count="3" type="stmt"/>
        </file>
        <file name="some-recursive.js" path="C:\Users\Gabriel Ferreira\Desktop\Gabriel\Curso de React\jest\src\some-recursive.js">
          <metrics statements="4" coveredstatements="4" conditionals="4" coveredconditionals="4" methods="2" coveredmethods="2"/>
          <line num="3" count="1" type="stmt"/>
          <line num="4" count="5" type="stmt"/>
          <line num="5" count="8" type="stmt"/>
          <line num="7" count="8" type="stmt"/>
        </file>
        <file name="some.js" path="C:\Users\Gabriel Ferreira\Desktop\Gabriel\Curso de React\jest\src\some.js">
          <metrics statements="5" coveredstatements="5" conditionals="2" coveredconditionals="2" methods="1" coveredmethods="1"/>
          <line num="3" count="1" type="stmt"/>
          <line num="4" count="5" type="stmt"/>
          <line num="5" count="6" type="stmt"/>
          <line num="6" count="3" type="stmt"/>
          <line num="10" count="2" type="stmt"/>
        </file>
      </package>
      <package name="src.find">
        <metrics statements="1" coveredstatements="1" conditionals="0" coveredconditionals="0" methods="1" coveredmethods="0"/>
        <file name="find.js" path="C:\Users\Gabriel Ferreira\Desktop\Gabriel\Curso de React\jest\src\find\find.js">
          <metrics statements="1" coveredstatements="1" conditionals="0" coveredconditionals="0" methods="1" coveredmethods="0"/>
          <line num="3" count="1" type="stmt"/>
        </file>
      </package>
      <package name="src.main-reduce">
        <metrics statements="17" coveredstatements="17" conditionals="8" coveredconditionals="8" methods="5" coveredmethods="5"/>
        <file name="main-reduce-recursive.js" path="C:\Users\Gabriel Ferreira\Desktop\Gabriel\Curso de React\jest\src\main-reduce\main-reduce-recursive.js">
          <metrics statements="8" coveredstatements="8" conditionals="6" coveredconditionals="6" methods="4" coveredmethods="4"/>
          <line num="3" count="26" type="stmt"/>
          <line num="5" count="2" type="stmt"/>
          <line num="6" count="13" type="stmt"/>
          <line num="7" count="13" type="stmt"/>
          <line num="9" count="13" type="stmt"/>
          <line num="10" count="44" type="stmt"/>
          <line num="11" count="44" type="stmt"/>
          <line num="13" count="44" type="stmt"/>
        </file>
        <file name="main-reduce.js" path="C:\Users\Gabriel Ferreira\Desktop\Gabriel\Curso de React\jest\src\main-reduce\main-reduce.js">
          <metrics statements="9" coveredstatements="9" conditionals="2" coveredconditionals="2" methods="1" coveredmethods="1"/>
          <line num="3" count="2" type="stmt"/>
          <line num="4" count="13" type="stmt"/>
          <line num="5" count="13" type="stmt"/>
          <line num="7" count="13" type="stmt"/>
          <line num="8" count="2" type="stmt"/>
          <line num="9" count="2" type="stmt"/>
          <line num="12" count="13" type="stmt"/>
          <line num="13" count="31" type="stmt"/>
          <line num="16" count="13" type="stmt"/>
        </file>
      </package>
      <package name="src.reduce">
        <metrics statements="4" coveredstatements="4" conditionals="0" coveredconditionals="0" methods="2" coveredmethods="2"/>
        <file name="reduce-recursive.js" path="C:\Users\Gabriel Ferreira\Desktop\Gabriel\Curso de React\jest\src\reduce\reduce-recursive.js">
          <metrics statements="1" coveredstatements="1" conditionals="0" coveredconditionals="0" methods="0" coveredmethods="0"/>
          <line num="5" count="1" type="stmt"/>
        </file>
        <file name="reduce-right-recursive.js" path="C:\Users\Gabriel Ferreira\Desktop\Gabriel\Curso de React\jest\src\reduce\reduce-right-recursive.js">
          <metrics statements="1" coveredstatements="1" conditionals="0" coveredconditionals="0" methods="1" coveredmethods="1"/>
          <line num="6" count="1" type="stmt"/>
        </file>
        <file name="reduce-right.js" path="C:\Users\Gabriel Ferreira\Desktop\Gabriel\Curso de React\jest\src\reduce\reduce-right.js">
          <metrics statements="1" coveredstatements="1" conditionals="0" coveredconditionals="0" methods="1" coveredmethods="1"/>
          <line num="6" count="1" type="stmt"/>
        </file>
        <file name="reduce.js" path="C:\Users\Gabriel Ferreira\Desktop\Gabriel\Curso de React\jest\src\reduce\reduce.js">
          <metrics statements="1" coveredstatements="1" conditionals="0" coveredconditionals="0" methods="0" coveredmethods="0"/>
          <line num="5" count="1" type="stmt"/>
        </file>
      </package>
    </metrics>
  </project>
</coverage>
