{"C:\\Users\\Gabriel Ferreira\\Desktop\\Gabriel\\Curso de React\\jest\\src\\every-recursive.js": {"path":"C:\\Users\\Gabriel Ferreira\\Desktop\\Gabriel\\Curso de React\\jest\\src\\every-recursive.js","statementMap":{"0":{"start":{"line":3,"column":14},"end":{"line":13,"column":1}},"1":{"start":{"line":4,"column":2},"end":{"line":12,"column":13}},"2":{"start":{"line":5,"column":28},"end":{"line":5,"column":41}},"3":{"start":{"line":7,"column":4},"end":{"line":11,"column":40}}},"fnMap":{"0":{"name":"(anonymous_0)","decl":{"start":{"line":3,"column":14},"end":{"line":3,"column":15}},"loc":{"start":{"line":3,"column":29},"end":{"line":13,"column":1}}},"1":{"name":"everyInternal","decl":{"start":{"line":4,"column":19},"end":{"line":4,"column":32}},"loc":{"start":{"line":4,"column":58},"end":{"line":12,"column":3}}}},"branchMap":{"0":{"loc":{"start":{"line":7,"column":11},"end":{"line":11,"column":40}},"type":"cond-expr","locations":[{"start":{"line":8,"column":6},"end":{"line":8,"column":10}},{"start":{"line":9,"column":6},"end":{"line":11,"column":40}}]},"1":{"loc":{"start":{"line":9,"column":6},"end":{"line":11,"column":40}},"type":"cond-expr","locations":[{"start":{"line":10,"column":8},"end":{"line":10,"column":13}},{"start":{"line":11,"column":8},"end":{"line":11,"column":40}}]}},"s":{"0":1,"1":5,"2":14,"3":14},"f":{"0":5,"1":14},"b":{"0":[4,10],"1":[1,9]},"_coverageSchema":"332fd63041d2c1bcb487cc26dd0d5f7d97098a6c","hash":"51067295ff1caf8aea0dd72982f36d8993481c0c"}
,"C:\\Users\\Gabriel Ferreira\\Desktop\\Gabriel\\Curso de React\\jest\\src\\every.js": {"path":"C:\\Users\\Gabriel Ferreira\\Desktop\\Gabriel\\Curso de React\\jest\\src\\every.js","statementMap":{"0":{"start":{"line":3,"column":14},"end":{"line":10,"column":1}},"1":{"start":{"line":4,"column":2},"end":{"line":8,"column":3}},"2":{"start":{"line":5,"column":4},"end":{"line":7,"column":5}},"3":{"start":{"line":6,"column":6},"end":{"line":6,"column":19}},"4":{"start":{"line":9,"column":2},"end":{"line":9,"column":14}}},"fnMap":{"0":{"name":"(anonymous_0)","decl":{"start":{"line":3,"column":14},"end":{"line":3,"column":15}},"loc":{"start":{"line":3,"column":29},"end":{"line":10,"column":1}}}},"branchMap":{"0":{"loc":{"start":{"line":5,"column":4},"end":{"line":7,"column":5}},"type":"if","locations":[{"start":{"line":5,"column":4},"end":{"line":7,"column":5}},{"start":{"line":5,"column":4},"end":{"line":7,"column":5}}]}},"s":{"0":1,"1":5,"2":10,"3":1,"4":4},"f":{"0":5},"b":{"0":[1,9]},"_coverageSchema":"332fd63041d2c1bcb487cc26dd0d5f7d97098a6c","hash":"82cc952041592a0316d2b352ff2941430984b32d"}
,"C:\\Users\\Gabriel Ferreira\\Desktop\\Gabriel\\Curso de React\\jest\\src\\filter-recursive.js": {"path":"C:\\Users\\Gabriel Ferreira\\Desktop\\Gabriel\\Curso de React\\jest\\src\\filter-recursive.js","statementMap":{"0":{"start":{"line":3,"column":15},"end":{"line":10,"column":1}},"1":{"start":{"line":4,"column":2},"end":{"line":9,"column":13}},"2":{"start":{"line":5,"column":27},"end":{"line":5,"column":40}},"3":{"start":{"line":6,"column":4},"end":{"line":8,"column":92}}},"fnMap":{"0":{"name":"(anonymous_0)","decl":{"start":{"line":3,"column":15},"end":{"line":3,"column":16}},"loc":{"start":{"line":3,"column":30},"end":{"line":10,"column":1}}},"1":{"name":"filterInternal","decl":{"start":{"line":4,"column":19},"end":{"line":4,"column":33}},"loc":{"start":{"line":4,"column":57},"end":{"line":9,"column":3}}}},"branchMap":{"0":{"loc":{"start":{"line":6,"column":11},"end":{"line":8,"column":91}},"type":"cond-expr","locations":[{"start":{"line":7,"column":8},"end":{"line":7,"column":10}},{"start":{"line":8,"column":8},"end":{"line":8,"column":91}}]},"1":{"loc":{"start":{"line":8,"column":9},"end":{"line":8,"column":48}},"type":"cond-expr","locations":[{"start":{"line":8,"column":37},"end":{"line":8,"column":43}},{"start":{"line":8,"column":46},"end":{"line":8,"column":48}}]}},"s":{"0":1,"1":5,"2":24,"3":24},"f":{"0":5,"1":24},"b":{"0":[5,19],"1":[13,6]},"_coverageSchema":"332fd63041d2c1bcb487cc26dd0d5f7d97098a6c","hash":"d83776f4b93793d6de49478c40d6c8544eb6df29"}
,"C:\\Users\\Gabriel Ferreira\\Desktop\\Gabriel\\Curso de React\\jest\\src\\filter.js": {"path":"C:\\Users\\Gabriel Ferreira\\Desktop\\Gabriel\\Curso de React\\jest\\src\\filter.js","statementMap":{"0":{"start":{"line":3,"column":15},"end":{"line":12,"column":1}},"1":{"start":{"line":4,"column":15},"end":{"line":4,"column":17}},"2":{"start":{"line":5,"column":2},"end":{"line":9,"column":3}},"3":{"start":{"line":6,"column":4},"end":{"line":8,"column":5}},"4":{"start":{"line":7,"column":6},"end":{"line":7,"column":26}},"5":{"start":{"line":11,"column":2},"end":{"line":11,"column":16}}},"fnMap":{"0":{"name":"(anonymous_0)","decl":{"start":{"line":3,"column":15},"end":{"line":3,"column":16}},"loc":{"start":{"line":3,"column":30},"end":{"line":12,"column":1}}}},"branchMap":{"0":{"loc":{"start":{"line":6,"column":4},"end":{"line":8,"column":5}},"type":"if","locations":[{"start":{"line":6,"column":4},"end":{"line":8,"column":5}},{"start":{"line":6,"column":4},"end":{"line":8,"column":5}}]}},"s":{"0":1,"1":5,"2":5,"3":19,"4":13,"5":5},"f":{"0":5},"b":{"0":[13,6]},"_coverageSchema":"332fd63041d2c1bcb487cc26dd0d5f7d97098a6c","hash":"5ce16f6f68b62eee7f43d9d11710c5f2fe909cfd"}
,"C:\\Users\\Gabriel Ferreira\\Desktop\\Gabriel\\Curso de React\\jest\\src\\map-recursive.js": {"path":"C:\\Users\\Gabriel Ferreira\\Desktop\\Gabriel\\Curso de React\\jest\\src\\map-recursive.js","statementMap":{"0":{"start":{"line":3,"column":12},"end":{"line":12,"column":1}},"1":{"start":{"line":3,"column":40},"end":{"line":3,"column":44}},"2":{"start":{"line":4,"column":2},"end":{"line":11,"column":12}},"3":{"start":{"line":5,"column":28},"end":{"line":5,"column":41}},"4":{"start":{"line":7,"column":4},"end":{"line":10,"column":6}}},"fnMap":{"0":{"name":"(anonymous_0)","decl":{"start":{"line":3,"column":12},"end":{"line":3,"column":13}},"loc":{"start":{"line":3,"column":49},"end":{"line":12,"column":1}}},"1":{"name":"(anonymous_1)","decl":{"start":{"line":3,"column":30},"end":{"line":3,"column":31}},"loc":{"start":{"line":3,"column":40},"end":{"line":3,"column":44}}},"2":{"name":"mapInternal","decl":{"start":{"line":4,"column":19},"end":{"line":4,"column":30}},"loc":{"start":{"line":4,"column":55},"end":{"line":11,"column":3}}}},"branchMap":{"0":{"loc":{"start":{"line":3,"column":13},"end":{"line":3,"column":21}},"type":"default-arg","locations":[{"start":{"line":3,"column":19},"end":{"line":3,"column":21}}]},"1":{"loc":{"start":{"line":3,"column":23},"end":{"line":3,"column":44}},"type":"default-arg","locations":[{"start":{"line":3,"column":30},"end":{"line":3,"column":44}}]},"2":{"loc":{"start":{"line":7,"column":11},"end":{"line":10,"column":5}},"type":"cond-expr","locations":[{"start":{"line":7,"column":40},"end":{"line":7,"column":42}},{"start":{"line":7,"column":45},"end":{"line":10,"column":5}}]}},"s":{"0":1,"1":2,"2":8,"3":22,"4":22},"f":{"0":8,"1":2,"2":22},"b":{"0":[1],"1":[2],"2":[8,14]},"_coverageSchema":"332fd63041d2c1bcb487cc26dd0d5f7d97098a6c","hash":"f77fca252ce013ed19ebacf217a1b2edc00fd967"}
,"C:\\Users\\Gabriel Ferreira\\Desktop\\Gabriel\\Curso de React\\jest\\src\\map.js": {"path":"C:\\Users\\Gabriel Ferreira\\Desktop\\Gabriel\\Curso de React\\jest\\src\\map.js","statementMap":{"0":{"start":{"line":3,"column":12},"end":{"line":10,"column":1}},"1":{"start":{"line":3,"column":40},"end":{"line":3,"column":44}},"2":{"start":{"line":4,"column":15},"end":{"line":4,"column":17}},"3":{"start":{"line":6,"column":2},"end":{"line":7,"column":38}},"4":{"start":{"line":7,"column":4},"end":{"line":7,"column":38}},"5":{"start":{"line":9,"column":2},"end":{"line":9,"column":16}}},"fnMap":{"0":{"name":"(anonymous_0)","decl":{"start":{"line":3,"column":12},"end":{"line":3,"column":13}},"loc":{"start":{"line":3,"column":49},"end":{"line":10,"column":1}}},"1":{"name":"(anonymous_1)","decl":{"start":{"line":3,"column":30},"end":{"line":3,"column":31}},"loc":{"start":{"line":3,"column":40},"end":{"line":3,"column":44}}}},"branchMap":{"0":{"loc":{"start":{"line":3,"column":13},"end":{"line":3,"column":21}},"type":"default-arg","locations":[{"start":{"line":3,"column":19},"end":{"line":3,"column":21}}]},"1":{"loc":{"start":{"line":3,"column":23},"end":{"line":3,"column":44}},"type":"default-arg","locations":[{"start":{"line":3,"column":30},"end":{"line":3,"column":44}}]}},"s":{"0":1,"1":2,"2":8,"3":8,"4":14,"5":8},"f":{"0":8,"1":2},"b":{"0":[1],"1":[2]},"_coverageSchema":"332fd63041d2c1bcb487cc26dd0d5f7d97098a6c","hash":"6e426225c6ff5bf7f712e0d30a9f0a9ce8a52e6d"}
,"C:\\Users\\Gabriel Ferreira\\Desktop\\Gabriel\\Curso de React\\jest\\src\\reverse-recursive.js": {"path":"C:\\Users\\Gabriel Ferreira\\Desktop\\Gabriel\\Curso de React\\jest\\src\\reverse-recursive.js","statementMap":{"0":{"start":{"line":3,"column":16},"end":{"line":8,"column":1}},"1":{"start":{"line":4,"column":2},"end":{"line":7,"column":4}}},"fnMap":{"0":{"name":"(anonymous_0)","decl":{"start":{"line":3,"column":16},"end":{"line":3,"column":17}},"loc":{"start":{"line":3,"column":25},"end":{"line":8,"column":1}}}},"branchMap":{"0":{"loc":{"start":{"line":4,"column":9},"end":{"line":7,"column":3}},"type":"cond-expr","locations":[{"start":{"line":4,"column":28},"end":{"line":4,"column":30}},{"start":{"line":4,"column":33},"end":{"line":7,"column":3}}]}},"s":{"0":3,"1":16},"f":{"0":16},"b":{"0":[5,11]},"_coverageSchema":"332fd63041d2c1bcb487cc26dd0d5f7d97098a6c","hash":"da1ae88fa5f621ed58567ec5a6e73c340c09db9e"}
,"C:\\Users\\Gabriel Ferreira\\Desktop\\Gabriel\\Curso de React\\jest\\src\\reverse.js": {"path":"C:\\Users\\Gabriel Ferreira\\Desktop\\Gabriel\\Curso de React\\jest\\src\\reverse.js","statementMap":{"0":{"start":{"line":3,"column":16},"end":{"line":10,"column":1}},"1":{"start":{"line":4,"column":15},"end":{"line":4,"column":17}},"2":{"start":{"line":5,"column":2},"end":{"line":7,"column":3}},"3":{"start":{"line":6,"column":4},"end":{"line":6,"column":24}},"4":{"start":{"line":9,"column":2},"end":{"line":9,"column":16}}},"fnMap":{"0":{"name":"(anonymous_0)","decl":{"start":{"line":3,"column":16},"end":{"line":3,"column":17}},"loc":{"start":{"line":3,"column":25},"end":{"line":10,"column":1}}}},"branchMap":{},"s":{"0":1,"1":3,"2":3,"3":5,"4":3},"f":{"0":3},"b":{},"_coverageSchema":"332fd63041d2c1bcb487cc26dd0d5f7d97098a6c","hash":"c617ecce7d0759d861fb35dd1de9e58f1e56def5"}
,"C:\\Users\\Gabriel Ferreira\\Desktop\\Gabriel\\Curso de React\\jest\\src\\some-recursive.js": {"path":"C:\\Users\\Gabriel Ferreira\\Desktop\\Gabriel\\Curso de React\\jest\\src\\some-recursive.js","statementMap":{"0":{"start":{"line":3,"column":13},"end":{"line":13,"column":1}},"1":{"start":{"line":4,"column":2},"end":{"line":12,"column":13}},"2":{"start":{"line":5,"column":27},"end":{"line":5,"column":40}},"3":{"start":{"line":7,"column":4},"end":{"line":11,"column":41}}},"fnMap":{"0":{"name":"(anonymous_0)","decl":{"start":{"line":3,"column":13},"end":{"line":3,"column":14}},"loc":{"start":{"line":3,"column":28},"end":{"line":13,"column":1}}},"1":{"name":"someInternal","decl":{"start":{"line":4,"column":19},"end":{"line":4,"column":31}},"loc":{"start":{"line":4,"column":57},"end":{"line":12,"column":3}}}},"branchMap":{"0":{"loc":{"start":{"line":7,"column":11},"end":{"line":11,"column":41}},"type":"cond-expr","locations":[{"start":{"line":8,"column":8},"end":{"line":8,"column":13}},{"start":{"line":9,"column":8},"end":{"line":11,"column":41}}]},"1":{"loc":{"start":{"line":9,"column":8},"end":{"line":11,"column":41}},"type":"cond-expr","locations":[{"start":{"line":10,"column":10},"end":{"line":10,"column":14}},{"start":{"line":11,"column":10},"end":{"line":11,"column":41}}]}},"s":{"0":1,"1":5,"2":8,"3":8},"f":{"0":5,"1":8},"b":{"0":[2,6],"1":[3,3]},"_coverageSchema":"332fd63041d2c1bcb487cc26dd0d5f7d97098a6c","hash":"bf92112f35283e247e225fb948c00a943083e110"}
,"C:\\Users\\Gabriel Ferreira\\Desktop\\Gabriel\\Curso de React\\jest\\src\\some.js": {"path":"C:\\Users\\Gabriel Ferreira\\Desktop\\Gabriel\\Curso de React\\jest\\src\\some.js","statementMap":{"0":{"start":{"line":3,"column":13},"end":{"line":11,"column":1}},"1":{"start":{"line":4,"column":2},"end":{"line":8,"column":3}},"2":{"start":{"line":5,"column":4},"end":{"line":7,"column":5}},"3":{"start":{"line":6,"column":6},"end":{"line":6,"column":18}},"4":{"start":{"line":10,"column":2},"end":{"line":10,"column":15}}},"fnMap":{"0":{"name":"(anonymous_0)","decl":{"start":{"line":3,"column":13},"end":{"line":3,"column":14}},"loc":{"start":{"line":3,"column":28},"end":{"line":11,"column":1}}}},"branchMap":{"0":{"loc":{"start":{"line":5,"column":4},"end":{"line":7,"column":5}},"type":"if","locations":[{"start":{"line":5,"column":4},"end":{"line":7,"column":5}},{"start":{"line":5,"column":4},"end":{"line":7,"column":5}}]}},"s":{"0":1,"1":5,"2":6,"3":3,"4":2},"f":{"0":5},"b":{"0":[3,3]},"_coverageSchema":"332fd63041d2c1bcb487cc26dd0d5f7d97098a6c","hash":"8919009034bf4bf445e037644a19bc9414457920"}
,"C:\\Users\\Gabriel Ferreira\\Desktop\\Gabriel\\Curso de React\\jest\\src\\find\\find.js": {"path":"C:\\Users\\Gabriel Ferreira\\Desktop\\Gabriel\\Curso de React\\jest\\src\\find\\find.js","statementMap":{"0":{"start":{"line":3,"column":13},"end":{"line":5,"column":1}}},"fnMap":{"0":{"name":"(anonymous_0)","decl":{"start":{"line":3,"column":13},"end":{"line":3,"column":14}},"loc":{"start":{"line":3,"column":19},"end":{"line":5,"column":1}}}},"branchMap":{},"s":{"0":1},"f":{"0":0},"b":{},"_coverageSchema":"332fd63041d2c1bcb487cc26dd0d5f7d97098a6c","hash":"fce8e298b24eda1bd11c3d6db85bd6a93b5d0e6b"}
,"C:\\Users\\Gabriel Ferreira\\Desktop\\Gabriel\\Curso de React\\jest\\src\\main-reduce\\main-reduce-recursive.js": {"path":"C:\\Users\\Gabriel Ferreira\\Desktop\\Gabriel\\Curso de React\\jest\\src\\main-reduce\\main-reduce-recursive.js","statementMap":{"0":{"start":{"line":3,"column":32},"end":{"line":3,"column":74}},"1":{"start":{"line":3,"column":48},"end":{"line":3,"column":74}},"2":{"start":{"line":5,"column":19},"end":{"line":17,"column":1}},"3":{"start":{"line":6,"column":14},"end":{"line":6,"column":75}},"4":{"start":{"line":7,"column":18},"end":{"line":7,"column":76}},"5":{"start":{"line":9,"column":2},"end":{"line":16,"column":21}},"6":{"start":{"line":10,"column":27},"end":{"line":10,"column":38}},"7":{"start":{"line":11,"column":20},"end":{"line":11,"column":67}},"8":{"start":{"line":11,"column":26},"end":{"line":11,"column":67}},"9":{"start":{"line":13,"column":4},"end":{"line":15,"column":53}}},"fnMap":{"0":{"name":"(anonymous_0)","decl":{"start":{"line":3,"column":32},"end":{"line":3,"column":33}},"loc":{"start":{"line":3,"column":48},"end":{"line":3,"column":74}}},"1":{"name":"(anonymous_1)","decl":{"start":{"line":5,"column":19},"end":{"line":5,"column":20}},"loc":{"start":{"line":5,"column":48},"end":{"line":17,"column":1}}},"2":{"name":"reduceInternal","decl":{"start":{"line":9,"column":19},"end":{"line":9,"column":33}},"loc":{"start":{"line":9,"column":70},"end":{"line":16,"column":3}}},"3":{"name":"(anonymous_3)","decl":{"start":{"line":11,"column":20},"end":{"line":11,"column":21}},"loc":{"start":{"line":11,"column":26},"end":{"line":11,"column":67}}}},"branchMap":{"0":{"loc":{"start":{"line":6,"column":14},"end":{"line":6,"column":75}},"type":"cond-expr","locations":[{"start":{"line":6,"column":54},"end":{"line":6,"column":60}},{"start":{"line":6,"column":63},"end":{"line":6,"column":75}}]},"1":{"loc":{"start":{"line":7,"column":18},"end":{"line":7,"column":76}},"type":"cond-expr","locations":[{"start":{"line":7,"column":58},"end":{"line":7,"column":70}},{"start":{"line":7,"column":73},"end":{"line":7,"column":76}}]},"2":{"loc":{"start":{"line":13,"column":11},"end":{"line":15,"column":52}},"type":"cond-expr","locations":[{"start":{"line":14,"column":8},"end":{"line":14,"column":19}},{"start":{"line":15,"column":8},"end":{"line":15,"column":52}}]}},"s":{"0":2,"1":26,"2":2,"3":13,"4":13,"5":13,"6":44,"7":44,"8":31,"9":44},"f":{"0":26,"1":13,"2":44,"3":31},"b":{"0":[2,11],"1":[2,11],"2":[13,31]},"_coverageSchema":"332fd63041d2c1bcb487cc26dd0d5f7d97098a6c","hash":"115308b53a13a3252ec805eaa90dfca9eaec8f05"}
,"C:\\Users\\Gabriel Ferreira\\Desktop\\Gabriel\\Curso de React\\jest\\src\\main-reduce\\main-reduce.js": {"path":"C:\\Users\\Gabriel Ferreira\\Desktop\\Gabriel\\Curso de React\\jest\\src\\main-reduce\\main-reduce.js","statementMap":{"0":{"start":{"line":3,"column":19},"end":{"line":17,"column":1}},"1":{"start":{"line":4,"column":12},"end":{"line":4,"column":24}},"2":{"start":{"line":5,"column":16},"end":{"line":5,"column":19}},"3":{"start":{"line":7,"column":2},"end":{"line":10,"column":3}},"4":{"start":{"line":8,"column":4},"end":{"line":8,"column":17}},"5":{"start":{"line":9,"column":4},"end":{"line":9,"column":27}},"6":{"start":{"line":12,"column":2},"end":{"line":14,"column":3}},"7":{"start":{"line":13,"column":4},"end":{"line":13,"column":44}},"8":{"start":{"line":16,"column":2},"end":{"line":16,"column":13}}},"fnMap":{"0":{"name":"(anonymous_0)","decl":{"start":{"line":3,"column":19},"end":{"line":3,"column":20}},"loc":{"start":{"line":3,"column":48},"end":{"line":17,"column":1}}}},"branchMap":{"0":{"loc":{"start":{"line":7,"column":2},"end":{"line":10,"column":3}},"type":"if","locations":[{"start":{"line":7,"column":2},"end":{"line":10,"column":3}},{"start":{"line":7,"column":2},"end":{"line":10,"column":3}}]}},"s":{"0":2,"1":13,"2":13,"3":13,"4":2,"5":2,"6":13,"7":31,"8":13},"f":{"0":13},"b":{"0":[2,11]},"_coverageSchema":"332fd63041d2c1bcb487cc26dd0d5f7d97098a6c","hash":"d81db09bf69e26c1b3f3f883d8a374997692c595"}
,"C:\\Users\\Gabriel Ferreira\\Desktop\\Gabriel\\Curso de React\\jest\\src\\reduce\\reduce-recursive.js": {"path":"C:\\Users\\Gabriel Ferreira\\Desktop\\Gabriel\\Curso de React\\jest\\src\\reduce\\reduce-recursive.js","statementMap":{"0":{"start":{"line":5,"column":15},"end":{"line":5,"column":25}}},"fnMap":{},"branchMap":{},"s":{"0":1},"f":{},"b":{},"_coverageSchema":"332fd63041d2c1bcb487cc26dd0d5f7d97098a6c","hash":"eda0b750d6953df6fb82a6cf8a3d405a254e28e4"}
,"C:\\Users\\Gabriel Ferreira\\Desktop\\Gabriel\\Curso de React\\jest\\src\\reduce\\reduce-right-recursive.js": {"path":"C:\\Users\\Gabriel Ferreira\\Desktop\\Gabriel\\Curso de React\\jest\\src\\reduce\\reduce-right-recursive.js","statementMap":{"0":{"start":{"line":6,"column":20},"end":{"line":6,"column":75}},"1":{"start":{"line":6,"column":40},"end":{"line":6,"column":75}}},"fnMap":{"0":{"name":"(anonymous_0)","decl":{"start":{"line":6,"column":20},"end":{"line":6,"column":21}},"loc":{"start":{"line":6,"column":40},"end":{"line":6,"column":75}}}},"branchMap":{},"s":{"0":1,"1":1},"f":{"0":1},"b":{},"_coverageSchema":"332fd63041d2c1bcb487cc26dd0d5f7d97098a6c","hash":"ad1f1a8e694b35fc63146f73a40366add50b66c7"}
,"C:\\Users\\Gabriel Ferreira\\Desktop\\Gabriel\\Curso de React\\jest\\src\\reduce\\reduce-right.js": {"path":"C:\\Users\\Gabriel Ferreira\\Desktop\\Gabriel\\Curso de React\\jest\\src\\reduce\\reduce-right.js","statementMap":{"0":{"start":{"line":6,"column":20},"end":{"line":6,"column":75}},"1":{"start":{"line":6,"column":40},"end":{"line":6,"column":75}}},"fnMap":{"0":{"name":"(anonymous_0)","decl":{"start":{"line":6,"column":20},"end":{"line":6,"column":21}},"loc":{"start":{"line":6,"column":40},"end":{"line":6,"column":75}}}},"branchMap":{},"s":{"0":1,"1":1},"f":{"0":1},"b":{},"_coverageSchema":"332fd63041d2c1bcb487cc26dd0d5f7d97098a6c","hash":"18ad04e5f456d00024250f36b0e9487fd4435a6f"}
,"C:\\Users\\Gabriel Ferreira\\Desktop\\Gabriel\\Curso de React\\jest\\src\\reduce\\reduce.js": {"path":"C:\\Users\\Gabriel Ferreira\\Desktop\\Gabriel\\Curso de React\\jest\\src\\reduce\\reduce.js","statementMap":{"0":{"start":{"line":5,"column":15},"end":{"line":5,"column":25}}},"fnMap":{},"branchMap":{},"s":{"0":1},"f":{},"b":{},"_coverageSchema":"332fd63041d2c1bcb487cc26dd0d5f7d97098a6c","hash":"233cb69a7e9e3226242e1edcf08c65ea6fdd81da"}
}
