TN:
SF:C:\Users\Gabriel Ferreira\Desktop\Gabriel\Curso de React\jest\src\every-recursive.js
FN:3,(anonymous_0)
FN:4,everyInternal
FNF:2
FNH:2
FNDA:5,(anonymous_0)
FNDA:14,everyInternal
DA:3,1
DA:4,5
DA:5,14
DA:7,14
LF:4
LH:4
BRDA:7,0,0,4
BRDA:7,0,1,10
BRDA:9,1,0,1
BRDA:9,1,1,9
BRF:4
BRH:4
end_of_record
TN:
SF:C:\Users\Gabriel Ferreira\Desktop\Gabriel\Curso de React\jest\src\every.js
FN:3,(anonymous_0)
FNF:1
FNH:1
FNDA:5,(anonymous_0)
DA:3,1
DA:4,5
DA:5,10
DA:6,1
DA:9,4
LF:5
LH:5
BRDA:5,0,0,1
BRDA:5,0,1,9
BRF:2
BRH:2
end_of_record
TN:
SF:C:\Users\Gabriel Ferreira\Desktop\Gabriel\Curso de React\jest\src\filter-recursive.js
FN:3,(anonymous_0)
FN:4,filterInternal
FNF:2
FNH:2
FNDA:5,(anonymous_0)
FNDA:24,filterInternal
DA:3,1
DA:4,5
DA:5,24
DA:6,24
LF:4
LH:4
BRDA:6,0,0,5
BRDA:6,0,1,19
BRDA:8,1,0,13
BRDA:8,1,1,6
BRF:4
BRH:4
end_of_record
TN:
SF:C:\Users\Gabriel Ferreira\Desktop\Gabriel\Curso de React\jest\src\filter.js
FN:3,(anonymous_0)
FNF:1
FNH:1
FNDA:5,(anonymous_0)
DA:3,1
DA:4,5
DA:5,5
DA:6,19
DA:7,13
DA:11,5
LF:6
LH:6
BRDA:6,0,0,13
BRDA:6,0,1,6
BRF:2
BRH:2
end_of_record
TN:
SF:C:\Users\Gabriel Ferreira\Desktop\Gabriel\Curso de React\jest\src\map-recursive.js
FN:3,(anonymous_0)
FN:3,(anonymous_1)
FN:4,mapInternal
FNF:3
FNH:3
FNDA:8,(anonymous_0)
FNDA:2,(anonymous_1)
FNDA:22,mapInternal
DA:3,2
DA:4,8
DA:5,22
DA:7,22
LF:4
LH:4
BRDA:3,0,0,1
BRDA:3,1,0,2
BRDA:7,2,0,8
BRDA:7,2,1,14
BRF:4
BRH:4
end_of_record
TN:
SF:C:\Users\Gabriel Ferreira\Desktop\Gabriel\Curso de React\jest\src\map.js
FN:3,(anonymous_0)
FN:3,(anonymous_1)
FNF:2
FNH:2
FNDA:8,(anonymous_0)
FNDA:2,(anonymous_1)
DA:3,2
DA:4,8
DA:6,8
DA:7,14
DA:9,8
LF:5
LH:5
BRDA:3,0,0,1
BRDA:3,1,0,2
BRF:2
BRH:2
end_of_record
TN:
SF:C:\Users\Gabriel Ferreira\Desktop\Gabriel\Curso de React\jest\src\reverse-recursive.js
FN:3,(anonymous_0)
FNF:1
FNH:1
FNDA:16,(anonymous_0)
DA:3,3
DA:4,16
LF:2
LH:2
BRDA:4,0,0,5
BRDA:4,0,1,11
BRF:2
BRH:2
end_of_record
TN:
SF:C:\Users\Gabriel Ferreira\Desktop\Gabriel\Curso de React\jest\src\reverse.js
FN:3,(anonymous_0)
FNF:1
FNH:1
FNDA:3,(anonymous_0)
DA:3,1
DA:4,3
DA:5,3
DA:6,5
DA:9,3
LF:5
LH:5
BRF:0
BRH:0
end_of_record
TN:
SF:C:\Users\Gabriel Ferreira\Desktop\Gabriel\Curso de React\jest\src\some-recursive.js
FN:3,(anonymous_0)
FN:4,someInternal
FNF:2
FNH:2
FNDA:5,(anonymous_0)
FNDA:8,someInternal
DA:3,1
DA:4,5
DA:5,8
DA:7,8
LF:4
LH:4
BRDA:7,0,0,2
BRDA:7,0,1,6
BRDA:9,1,0,3
BRDA:9,1,1,3
BRF:4
BRH:4
end_of_record
TN:
SF:C:\Users\Gabriel Ferreira\Desktop\Gabriel\Curso de React\jest\src\some.js
FN:3,(anonymous_0)
FNF:1
FNH:1
FNDA:5,(anonymous_0)
DA:3,1
DA:4,5
DA:5,6
DA:6,3
DA:10,2
LF:5
LH:5
BRDA:5,0,0,3
BRDA:5,0,1,3
BRF:2
BRH:2
end_of_record
TN:
SF:C:\Users\Gabriel Ferreira\Desktop\Gabriel\Curso de React\jest\src\find\find.js
FN:3,(anonymous_0)
FNF:1
FNH:0
FNDA:0,(anonymous_0)
DA:3,1
LF:1
LH:1
BRF:0
BRH:0
end_of_record
TN:
SF:C:\Users\Gabriel Ferreira\Desktop\Gabriel\Curso de React\jest\src\main-reduce\main-reduce-recursive.js
FN:3,(anonymous_0)
FN:5,(anonymous_1)
FN:9,reduceInternal
FN:11,(anonymous_3)
FNF:4
FNH:4
FNDA:26,(anonymous_0)
FNDA:13,(anonymous_1)
FNDA:44,reduceInternal
FNDA:31,(anonymous_3)
DA:3,26
DA:5,2
DA:6,13
DA:7,13
DA:9,13
DA:10,44
DA:11,44
DA:13,44
LF:8
LH:8
BRDA:6,0,0,2
BRDA:6,0,1,11
BRDA:7,1,0,2
BRDA:7,1,1,11
BRDA:13,2,0,13
BRDA:13,2,1,31
BRF:6
BRH:6
end_of_record
TN:
SF:C:\Users\Gabriel Ferreira\Desktop\Gabriel\Curso de React\jest\src\main-reduce\main-reduce.js
FN:3,(anonymous_0)
FNF:1
FNH:1
FNDA:13,(anonymous_0)
DA:3,2
DA:4,13
DA:5,13
DA:7,13
DA:8,2
DA:9,2
DA:12,13
DA:13,31
DA:16,13
LF:9
LH:9
BRDA:7,0,0,2
BRDA:7,0,1,11
BRF:2
BRH:2
end_of_record
TN:
SF:C:\Users\Gabriel Ferreira\Desktop\Gabriel\Curso de React\jest\src\reduce\reduce-recursive.js
FNF:0
FNH:0
DA:5,1
LF:1
LH:1
BRF:0
BRH:0
end_of_record
TN:
SF:C:\Users\Gabriel Ferreira\Desktop\Gabriel\Curso de React\jest\src\reduce\reduce-right-recursive.js
FN:6,(anonymous_0)
FNF:1
FNH:1
FNDA:1,(anonymous_0)
DA:6,1
LF:1
LH:1
BRF:0
BRH:0
end_of_record
TN:
SF:C:\Users\Gabriel Ferreira\Desktop\Gabriel\Curso de React\jest\src\reduce\reduce-right.js
FN:6,(anonymous_0)
FNF:1
FNH:1
FNDA:1,(anonymous_0)
DA:6,1
LF:1
LH:1
BRF:0
BRH:0
end_of_record
TN:
SF:C:\Users\Gabriel Ferreira\Desktop\Gabriel\Curso de React\jest\src\reduce\reduce.js
FNF:0
FNH:0
DA:5,1
LF:1
LH:1
BRF:0
BRH:0
end_of_record
